This is pdfTeX, Version 3.1415926-2.4-1.40.13 (TeX Live 2012/Debian) (format=pdflatex 2013.4.16)  17 APR 2013 14:01
entering extended mode
 restricted \write18 enabled.
 %&-line parsing enabled.
**ReportMain.tex
(./ReportMain.tex
LaTeX2e <2011/06/27>
Babel <v3.8m> and hyphenation patterns for english, dumylang, nohyphenation, lo
aded.
(/usr/share/texlive/texmf-dist/tex/latex/base/report.cls
Document Class: report 2007/10/19 v1.4h Standard LaTeX document class
(/usr/share/texlive/texmf-dist/tex/latex/base/size12.clo
File: size12.clo 2007/10/19 v1.4h Standard LaTeX file (size option)
)
\c@part=\count79
\c@chapter=\count80
\c@section=\count81
\c@subsection=\count82
\c@subsubsection=\count83
\c@paragraph=\count84
\c@subparagraph=\count85
\c@figure=\count86
\c@table=\count87
\abovecaptionskip=\skip41
\belowcaptionskip=\skip42
\bibindent=\dimen102
)
(/usr/share/texlive/texmf-dist/tex/latex/base/inputenc.sty
Package: inputenc 2008/03/30 v1.1d Input encoding file
\inpenc@prehook=\toks14
\inpenc@posthook=\toks15

(/usr/share/texlive/texmf-dist/tex/latex/base/utf8.def
File: utf8.def 2008/04/05 v1.1m UTF-8 support for inputenc
Now handling font encoding OML ...
... no UTF-8 mapping file for font encoding OML
Now handling font encoding T1 ...
... processing UTF-8 mapping file for font encoding T1

(/usr/share/texlive/texmf-dist/tex/latex/base/t1enc.dfu
File: t1enc.dfu 2008/04/05 v1.1m UTF-8 support for inputenc
   defining Unicode char U+00A1 (decimal 161)
   defining Unicode char U+00A3 (decimal 163)
   defining Unicode char U+00AB (decimal 171)
   defining Unicode char U+00BB (decimal 187)
   defining Unicode char U+00BF (decimal 191)
   defining Unicode char U+00C0 (decimal 192)
   defining Unicode char U+00C1 (decimal 193)
   defining Unicode char U+00C2 (decimal 194)
   defining Unicode char U+00C3 (decimal 195)
   defining Unicode char U+00C4 (decimal 196)
   defining Unicode char U+00C5 (decimal 197)
   defining Unicode char U+00C6 (decimal 198)
   defining Unicode char U+00C7 (decimal 199)
   defining Unicode char U+00C8 (decimal 200)
   defining Unicode char U+00C9 (decimal 201)
   defining Unicode char U+00CA (decimal 202)
   defining Unicode char U+00CB (decimal 203)
   defining Unicode char U+00CC (decimal 204)
   defining Unicode char U+00CD (decimal 205)
   defining Unicode char U+00CE (decimal 206)
   defining Unicode char U+00CF (decimal 207)
   defining Unicode char U+00D0 (decimal 208)
   defining Unicode char U+00D1 (decimal 209)
   defining Unicode char U+00D2 (decimal 210)
   defining Unicode char U+00D3 (decimal 211)
   defining Unicode char U+00D4 (decimal 212)
   defining Unicode char U+00D5 (decimal 213)
   defining Unicode char U+00D6 (decimal 214)
   defining Unicode char U+00D8 (decimal 216)
   defining Unicode char U+00D9 (decimal 217)
   defining Unicode char U+00DA (decimal 218)
   defining Unicode char U+00DB (decimal 219)
   defining Unicode char U+00DC (decimal 220)
   defining Unicode char U+00DD (decimal 221)
   defining Unicode char U+00DE (decimal 222)
   defining Unicode char U+00DF (decimal 223)
   defining Unicode char U+00E0 (decimal 224)
   defining Unicode char U+00E1 (decimal 225)
   defining Unicode char U+00E2 (decimal 226)
   defining Unicode char U+00E3 (decimal 227)
   defining Unicode char U+00E4 (decimal 228)
   defining Unicode char U+00E5 (decimal 229)
   defining Unicode char U+00E6 (decimal 230)
   defining Unicode char U+00E7 (decimal 231)
   defining Unicode char U+00E8 (decimal 232)
   defining Unicode char U+00E9 (decimal 233)
   defining Unicode char U+00EA (decimal 234)
   defining Unicode char U+00EB (decimal 235)
   defining Unicode char U+00EC (decimal 236)
   defining Unicode char U+00ED (decimal 237)
   defining Unicode char U+00EE (decimal 238)
   defining Unicode char U+00EF (decimal 239)
   defining Unicode char U+00F0 (decimal 240)
   defining Unicode char U+00F1 (decimal 241)
   defining Unicode char U+00F2 (decimal 242)
   defining Unicode char U+00F3 (decimal 243)
   defining Unicode char U+00F4 (decimal 244)
   defining Unicode char U+00F5 (decimal 245)
   defining Unicode char U+00F6 (decimal 246)
   defining Unicode char U+00F8 (decimal 248)
   defining Unicode char U+00F9 (decimal 249)
   defining Unicode char U+00FA (decimal 250)
   defining Unicode char U+00FB (decimal 251)
   defining Unicode char U+00FC (decimal 252)
   defining Unicode char U+00FD (decimal 253)
   defining Unicode char U+00FE (decimal 254)
   defining Unicode char U+00FF (decimal 255)
   defining Unicode char U+0102 (decimal 258)
   defining Unicode char U+0103 (decimal 259)
   defining Unicode char U+0104 (decimal 260)
   defining Unicode char U+0105 (decimal 261)
   defining Unicode char U+0106 (decimal 262)
   defining Unicode char U+0107 (decimal 263)
   defining Unicode char U+010C (decimal 268)
   defining Unicode char U+010D (decimal 269)
   defining Unicode char U+010E (decimal 270)
   defining Unicode char U+010F (decimal 271)
   defining Unicode char U+0110 (decimal 272)
   defining Unicode char U+0111 (decimal 273)
   defining Unicode char U+0118 (decimal 280)
   defining Unicode char U+0119 (decimal 281)
   defining Unicode char U+011A (decimal 282)
   defining Unicode char U+011B (decimal 283)
   defining Unicode char U+011E (decimal 286)
   defining Unicode char U+011F (decimal 287)
   defining Unicode char U+0130 (decimal 304)
   defining Unicode char U+0131 (decimal 305)
   defining Unicode char U+0132 (decimal 306)
   defining Unicode char U+0133 (decimal 307)
   defining Unicode char U+0139 (decimal 313)
   defining Unicode char U+013A (decimal 314)
   defining Unicode char U+013D (decimal 317)
   defining Unicode char U+013E (decimal 318)
   defining Unicode char U+0141 (decimal 321)
   defining Unicode char U+0142 (decimal 322)
   defining Unicode char U+0143 (decimal 323)
   defining Unicode char U+0144 (decimal 324)
   defining Unicode char U+0147 (decimal 327)
   defining Unicode char U+0148 (decimal 328)
   defining Unicode char U+014A (decimal 330)
   defining Unicode char U+014B (decimal 331)
   defining Unicode char U+0150 (decimal 336)
   defining Unicode char U+0151 (decimal 337)
   defining Unicode char U+0152 (decimal 338)
   defining Unicode char U+0153 (decimal 339)
   defining Unicode char U+0154 (decimal 340)
   defining Unicode char U+0155 (decimal 341)
   defining Unicode char U+0158 (decimal 344)
   defining Unicode char U+0159 (decimal 345)
   defining Unicode char U+015A (decimal 346)
   defining Unicode char U+015B (decimal 347)
   defining Unicode char U+015E (decimal 350)
   defining Unicode char U+015F (decimal 351)
   defining Unicode char U+0160 (decimal 352)
   defining Unicode char U+0161 (decimal 353)
   defining Unicode char U+0162 (decimal 354)
   defining Unicode char U+0163 (decimal 355)
   defining Unicode char U+0164 (decimal 356)
   defining Unicode char U+0165 (decimal 357)
   defining Unicode char U+016E (decimal 366)
   defining Unicode char U+016F (decimal 367)
   defining Unicode char U+0170 (decimal 368)
   defining Unicode char U+0171 (decimal 369)
   defining Unicode char U+0178 (decimal 376)
   defining Unicode char U+0179 (decimal 377)
   defining Unicode char U+017A (decimal 378)
   defining Unicode char U+017B (decimal 379)
   defining Unicode char U+017C (decimal 380)
   defining Unicode char U+017D (decimal 381)
   defining Unicode char U+017E (decimal 382)
   defining Unicode char U+200C (decimal 8204)
   defining Unicode char U+2013 (decimal 8211)
   defining Unicode char U+2014 (decimal 8212)
   defining Unicode char U+2018 (decimal 8216)
   defining Unicode char U+2019 (decimal 8217)
   defining Unicode char U+201A (decimal 8218)
   defining Unicode char U+201C (decimal 8220)
   defining Unicode char U+201D (decimal 8221)
   defining Unicode char U+201E (decimal 8222)
   defining Unicode char U+2030 (decimal 8240)
   defining Unicode char U+2031 (decimal 8241)
   defining Unicode char U+2039 (decimal 8249)
   defining Unicode char U+203A (decimal 8250)
   defining Unicode char U+2423 (decimal 9251)
)
Now handling font encoding OT1 ...
... processing UTF-8 mapping file for font encoding OT1

(/usr/share/texlive/texmf-dist/tex/latex/base/ot1enc.dfu
File: ot1enc.dfu 2008/04/05 v1.1m UTF-8 support for inputenc
   defining Unicode char U+00A1 (decimal 161)
   defining Unicode char U+00A3 (decimal 163)
   defining Unicode char U+00B8 (decimal 184)
   defining Unicode char U+00BF (decimal 191)
   defining Unicode char U+00C5 (decimal 197)
   defining Unicode char U+00C6 (decimal 198)
   defining Unicode char U+00D8 (decimal 216)
   defining Unicode char U+00DF (decimal 223)
   defining Unicode char U+00E6 (decimal 230)
   defining Unicode char U+00EC (decimal 236)
   defining Unicode char U+00ED (decimal 237)
   defining Unicode char U+00EE (decimal 238)
   defining Unicode char U+00EF (decimal 239)
   defining Unicode char U+00F8 (decimal 248)
   defining Unicode char U+0131 (decimal 305)
   defining Unicode char U+0141 (decimal 321)
   defining Unicode char U+0142 (decimal 322)
   defining Unicode char U+0152 (decimal 338)
   defining Unicode char U+0153 (decimal 339)
   defining Unicode char U+2013 (decimal 8211)
   defining Unicode char U+2014 (decimal 8212)
   defining Unicode char U+2018 (decimal 8216)
   defining Unicode char U+2019 (decimal 8217)
   defining Unicode char U+201C (decimal 8220)
   defining Unicode char U+201D (decimal 8221)
)
Now handling font encoding OMS ...
... processing UTF-8 mapping file for font encoding OMS

(/usr/share/texlive/texmf-dist/tex/latex/base/omsenc.dfu
File: omsenc.dfu 2008/04/05 v1.1m UTF-8 support for inputenc
   defining Unicode char U+00A7 (decimal 167)
   defining Unicode char U+00B6 (decimal 182)
   defining Unicode char U+00B7 (decimal 183)
   defining Unicode char U+2020 (decimal 8224)
   defining Unicode char U+2021 (decimal 8225)
   defining Unicode char U+2022 (decimal 8226)
)
Now handling font encoding OMX ...
... no UTF-8 mapping file for font encoding OMX
Now handling font encoding U ...
... no UTF-8 mapping file for font encoding U
   defining Unicode char U+00A9 (decimal 169)
   defining Unicode char U+00AA (decimal 170)
   defining Unicode char U+00AE (decimal 174)
   defining Unicode char U+00BA (decimal 186)
   defining Unicode char U+02C6 (decimal 710)
   defining Unicode char U+02DC (decimal 732)
   defining Unicode char U+200C (decimal 8204)
   defining Unicode char U+2026 (decimal 8230)
   defining Unicode char U+2122 (decimal 8482)
   defining Unicode char U+2423 (decimal 9251)
))
(/usr/share/texlive/texmf-dist/tex/latex/amsfonts/amsfonts.sty
Package: amsfonts 2009/06/22 v3.00 Basic AMSFonts support
\@emptytoks=\toks16
\symAMSa=\mathgroup4
\symAMSb=\mathgroup5
LaTeX Font Info:    Overwriting math alphabet `\mathfrak' in version `bold'
(Font)                  U/euf/m/n --> U/euf/b/n on input line 96.
)
(/usr/share/texlive/texmf-dist/tex/latex/amsfonts/amssymb.sty
Package: amssymb 2009/06/22 v3.00
)
(/usr/share/texlive/texmf-dist/tex/latex/setspace/setspace.sty
Package: setspace 2011/12/19 v6.7a set line spacing
)
(/usr/share/texlive/texmf-dist/tex/latex/graphics/graphicx.sty
Package: graphicx 1999/02/16 v1.0f Enhanced LaTeX Graphics (DPC,SPQR)

(/usr/share/texlive/texmf-dist/tex/latex/graphics/keyval.sty
Package: keyval 1999/03/16 v1.13 key=value parser (DPC)
\KV@toks@=\toks17
)
(/usr/share/texlive/texmf-dist/tex/latex/graphics/graphics.sty
Package: graphics 2009/02/05 v1.0o Standard LaTeX Graphics (DPC,SPQR)

(/usr/share/texlive/texmf-dist/tex/latex/graphics/trig.sty
Package: trig 1999/03/16 v1.09 sin cos tan (DPC)
)
(/usr/share/texlive/texmf-dist/tex/latex/latexconfig/graphics.cfg
File: graphics.cfg 2010/04/23 v1.9 graphics configuration of TeX Live
)
Package graphics Info: Driver file: pdftex.def on input line 91.

(/usr/share/texlive/texmf-dist/tex/latex/pdftex-def/pdftex.def
File: pdftex.def 2011/05/27 v0.06d Graphics/color for pdfTeX

(/usr/share/texlive/texmf-dist/tex/generic/oberdiek/infwarerr.sty
Package: infwarerr 2010/04/08 v1.3 Providing info/warning/error messages (HO)
)
(/usr/share/texlive/texmf-dist/tex/generic/oberdiek/ltxcmds.sty
Package: ltxcmds 2011/11/09 v1.22 LaTeX kernel commands for general use (HO)
)
\Gread@gobject=\count88
))
\Gin@req@height=\dimen103
\Gin@req@width=\dimen104
)
(/usr/share/texlive/texmf-dist/tex/latex/tools/array.sty
Package: array 2008/09/09 v2.4c Tabular extension package (FMi)
\col@sep=\dimen105
\extrarowheight=\dimen106
\NC@list=\toks18
\extratabsurround=\skip43
\backup@length=\skip44
)
(/usr/share/texlive/texmf-dist/tex/latex/pdfpages/pdfpages.sty
Package: pdfpages 2012/04/03 v0.4s Insert pages of external PDF documents (AM)

(/usr/share/texlive/texmf-dist/tex/latex/base/ifthen.sty
Package: ifthen 2001/05/26 v1.1c Standard LaTeX ifthen package (DPC)
)
(/usr/share/texlive/texmf-dist/tex/latex/tools/calc.sty
Package: calc 2007/08/22 v4.3 Infix arithmetic (KKT,FJ)
\calc@Acount=\count89
\calc@Bcount=\count90
\calc@Adimen=\dimen107
\calc@Bdimen=\dimen108
\calc@Askip=\skip45
\calc@Bskip=\skip46
LaTeX Info: Redefining \setlength on input line 76.
LaTeX Info: Redefining \addtolength on input line 77.
\calc@Ccount=\count91
\calc@Cskip=\skip47
)
(/usr/share/texlive/texmf-dist/tex/latex/eso-pic/eso-pic.sty
Package: eso-pic 2010/10/06 v2.0c eso-pic (RN)

(/usr/share/texlive/texmf-dist/tex/generic/oberdiek/atbegshi.sty
Package: atbegshi 2011/10/05 v1.16 At begin shipout hook (HO)

(/usr/share/texlive/texmf-dist/tex/generic/oberdiek/ifpdf.sty
Package: ifpdf 2011/01/30 v2.3 Provides the ifpdf switch (HO)
Package ifpdf Info: pdfTeX in PDF mode is detected.
))
(/usr/share/texmf/tex/latex/xcolor/xcolor.sty
Package: xcolor 2007/01/21 v2.11 LaTeX color extensions (UK)

(/usr/share/texlive/texmf-dist/tex/latex/latexconfig/color.cfg
File: color.cfg 2007/01/18 v1.5 color configuration of teTeX/TeXLive
)
Package xcolor Info: Driver file: pdftex.def on input line 225.
Package xcolor Info: Model `cmy' substituted by `cmy0' on input line 1337.
Package xcolor Info: Model `hsb' substituted by `rgb' on input line 1341.
Package xcolor Info: Model `RGB' extended on input line 1353.
Package xcolor Info: Model `HTML' substituted by `rgb' on input line 1355.
Package xcolor Info: Model `Hsb' substituted by `hsb' on input line 1356.
Package xcolor Info: Model `tHsb' substituted by `hsb' on input line 1357.
Package xcolor Info: Model `HSB' substituted by `hsb' on input line 1358.
Package xcolor Info: Model `Gray' substituted by `gray' on input line 1359.
Package xcolor Info: Model `wave' substituted by `hsb' on input line 1360.
))
(/usr/share/texlive/texmf-dist/tex/latex/pdfpages/pppdftex.def
File: pppdftex.def 2012/04/03 v0.4s Pdfpages driver for pdfTeX (AM)
)
\AM@pagebox=\box26
\AM@toc@title=\toks19
\c@AM@survey=\count92
\AM@templatesizebox=\box27
)
(/usr/share/texlive/texmf-dist/tex/latex/mh/mathtools.sty
Package: mathtools 2012/04/24 v1.12 mathematical typesetting tools

(/usr/share/texlive/texmf-dist/tex/latex/mh/mhsetup.sty
Package: mhsetup 2010/01/21 v1.2a programming setup (MH)
)
(/usr/share/texlive/texmf-dist/tex/latex/amsmath/amsmath.sty
Package: amsmath 2000/07/18 v2.13 AMS math features
\@mathmargin=\skip48

For additional information on amsmath, use the `?' option.
(/usr/share/texlive/texmf-dist/tex/latex/amsmath/amstext.sty
Package: amstext 2000/06/29 v2.01

(/usr/share/texlive/texmf-dist/tex/latex/amsmath/amsgen.sty
File: amsgen.sty 1999/11/30 v2.0
\@emptytoks=\toks20
\ex@=\dimen109
))
(/usr/share/texlive/texmf-dist/tex/latex/amsmath/amsbsy.sty
Package: amsbsy 1999/11/29 v1.2d
\pmbraise@=\dimen110
)
(/usr/share/texlive/texmf-dist/tex/latex/amsmath/amsopn.sty
Package: amsopn 1999/12/14 v2.01 operator names
)
\inf@bad=\count93
LaTeX Info: Redefining \frac on input line 211.
\uproot@=\count94
\leftroot@=\count95
LaTeX Info: Redefining \overline on input line 307.
\classnum@=\count96
\DOTSCASE@=\count97
LaTeX Info: Redefining \ldots on input line 379.
LaTeX Info: Redefining \dots on input line 382.
LaTeX Info: Redefining \cdots on input line 467.
\Mathstrutbox@=\box28
\strutbox@=\box29
\big@size=\dimen111
LaTeX Font Info:    Redeclaring font encoding OML on input line 567.
LaTeX Font Info:    Redeclaring font encoding OMS on input line 568.
\macc@depth=\count98
\c@MaxMatrixCols=\count99
\dotsspace@=\muskip10
\c@parentequation=\count100
\dspbrk@lvl=\count101
\tag@help=\toks21
\row@=\count102
\column@=\count103
\maxfields@=\count104
\andhelp@=\toks22
\eqnshift@=\dimen112
\alignsep@=\dimen113
\tagshift@=\dimen114
\tagwidth@=\dimen115
\totwidth@=\dimen116
\lineht@=\dimen117
\@envbody=\toks23
\multlinegap=\skip49
\multlinetaggap=\skip50
\mathdisplay@stack=\toks24
LaTeX Info: Redefining \[ on input line 2666.
LaTeX Info: Redefining \] on input line 2667.
)
\g_MT_multlinerow_int=\count105
\l_MT_multwidth_dim=\dimen118
\origjot=\skip51
\l_MT_shortvdotswithinadjustabove_dim=\dimen119
\l_MT_shortvdotswithinadjustbelow_dim=\dimen120
\l_MT_above_intertext_dim=\dimen121
\l_MT_below_intertext_dim=\dimen122
\l_MT_above_shortintertext_dim=\dimen123
\l_MT_below_shortintertext_dim=\dimen124
)
(/usr/share/texlive/texmf-dist/tex/latex/hyperref/hyperref.sty
Package: hyperref 2012/05/13 v6.82q Hypertext links for LaTeX

(/usr/share/texlive/texmf-dist/tex/generic/oberdiek/hobsub-hyperref.sty
Package: hobsub-hyperref 2012/05/28 v1.13 Bundle oberdiek, subset hyperref (HO)


(/usr/share/texlive/texmf-dist/tex/generic/oberdiek/hobsub-generic.sty
Package: hobsub-generic 2012/05/28 v1.13 Bundle oberdiek, subset generic (HO)
Package: hobsub 2012/05/28 v1.13 Construct package bundles (HO)
Package hobsub Info: Skipping package `infwarerr' (already loaded).
Package hobsub Info: Skipping package `ltxcmds' (already loaded).
Package: ifluatex 2010/03/01 v1.3 Provides the ifluatex switch (HO)
Package ifluatex Info: LuaTeX not detected.
Package: ifvtex 2010/03/01 v1.5 Detect VTeX and its facilities (HO)
Package ifvtex Info: VTeX not detected.
Package: intcalc 2007/09/27 v1.1 Expandable calculations with integers (HO)
Package hobsub Info: Skipping package `ifpdf' (already loaded).
Package: etexcmds 2011/02/16 v1.5 Avoid name clashes with e-TeX commands (HO)
Package etexcmds Info: Could not find \expanded.
(etexcmds)             That can mean that you are not using pdfTeX 1.50 or
(etexcmds)             that some package has redefined \expanded.
(etexcmds)             In the latter case, load this package earlier.
Package: kvsetkeys 2012/04/25 v1.16 Key value parser (HO)
Package: kvdefinekeys 2011/04/07 v1.3 Define keys (HO)
Package: pdftexcmds 2011/11/29 v0.20 Utility functions of pdfTeX for LuaTeX (HO
)
Package pdftexcmds Info: LuaTeX not detected.
Package pdftexcmds Info: \pdf@primitive is available.
Package pdftexcmds Info: \pdf@ifprimitive is available.
Package pdftexcmds Info: \pdfdraftmode found.
Package: pdfescape 2011/11/25 v1.13 Implements pdfTeX's escape features (HO)
Package: bigintcalc 2012/04/08 v1.3 Expandable calculations on big integers (HO
)
Package: bitset 2011/01/30 v1.1 Handle bit-vector datatype (HO)
Package: uniquecounter 2011/01/30 v1.2 Provide unlimited unique counter (HO)
)
Package hobsub Info: Skipping package `hobsub' (already loaded).
Package: letltxmacro 2010/09/02 v1.4 Let assignment for LaTeX macros (HO)
Package: hopatch 2012/05/28 v1.2 Wrapper for package hooks (HO)
Package: xcolor-patch 2011/01/30 xcolor patch
Package: atveryend 2011/06/30 v1.8 Hooks at the very end of document (HO)
Package atveryend Info: \enddocument detected (standard20110627).
Package hobsub Info: Skipping package `atbegshi' (already loaded).
Package: refcount 2011/10/16 v3.4 Data extraction from label references (HO)
Package: hycolor 2011/01/30 v1.7 Color options for hyperref/bookmark (HO)
)
(/usr/share/texlive/texmf-dist/tex/generic/ifxetex/ifxetex.sty
Package: ifxetex 2010/09/12 v0.6 Provides ifxetex conditional
)
(/usr/share/texlive/texmf-dist/tex/latex/oberdiek/kvoptions.sty
Package: kvoptions 2011/06/30 v3.11 Key value format for package options (HO)
)
\@linkdim=\dimen125
\Hy@linkcounter=\count106
\Hy@pagecounter=\count107

(/usr/share/texlive/texmf-dist/tex/latex/hyperref/pd1enc.def
File: pd1enc.def 2012/05/13 v6.82q Hyperref: PDFDocEncoding definition (HO)
Now handling font encoding PD1 ...
... no UTF-8 mapping file for font encoding PD1
)
\Hy@SavedSpaceFactor=\count108

(/usr/share/texlive/texmf-dist/tex/latex/latexconfig/hyperref.cfg
File: hyperref.cfg 2002/06/06 v1.2 hyperref configuration of TeXLive
)
Package hyperref Info: Hyper figures OFF on input line 4062.
Package hyperref Info: Link nesting OFF on input line 4067.
Package hyperref Info: Hyper index ON on input line 4070.
Package hyperref Info: Plain pages OFF on input line 4077.
Package hyperref Info: Backreferencing OFF on input line 4082.
Package hyperref Info: Implicit mode ON; LaTeX internals redefined.
Package hyperref Info: Bookmarks ON on input line 4300.
\c@Hy@tempcnt=\count109

(/usr/share/texlive/texmf-dist/tex/latex/url/url.sty
\Urlmuskip=\muskip11
Package: url 2006/04/12  ver 3.3  Verb mode for urls, etc.
)
LaTeX Info: Redefining \url on input line 4653.
\Fld@menulength=\count110
\Field@Width=\dimen126
\Fld@charsize=\dimen127
Package hyperref Info: Hyper figures OFF on input line 5773.
Package hyperref Info: Link nesting OFF on input line 5778.
Package hyperref Info: Hyper index ON on input line 5781.
Package hyperref Info: backreferencing OFF on input line 5788.
Package hyperref Info: Link coloring OFF on input line 5793.
Package hyperref Info: Link coloring with OCG OFF on input line 5798.
Package hyperref Info: PDF/A mode OFF on input line 5803.
LaTeX Info: Redefining \ref on input line 5843.
LaTeX Info: Redefining \pageref on input line 5847.
\Hy@abspage=\count111
\c@Item=\count112
\c@Hfootnote=\count113
)

Package hyperref Message: Driver (autodetected): hpdftex.

(/usr/share/texlive/texmf-dist/tex/latex/hyperref/hpdftex.def
File: hpdftex.def 2012/05/13 v6.82q Hyperref driver for pdfTeX
\Fld@listcount=\count114
\c@bookmark@seq@number=\count115

(/usr/share/texlive/texmf-dist/tex/latex/oberdiek/rerunfilecheck.sty
Package: rerunfilecheck 2011/04/15 v1.7 Rerun checks for auxiliary files (HO)
Package uniquecounter Info: New unique counter `rerunfilecheck' on input line 2
82.
)
\Hy@SectionHShift=\skip52
)
(/usr/share/texlive/texmf-dist/tex/latex/hyperref/nameref.sty
Package: nameref 2010/04/30 v2.40 Cross-referencing by name of section

(/usr/share/texlive/texmf-dist/tex/generic/oberdiek/gettitlestring.sty
Package: gettitlestring 2010/12/03 v1.4 Cleanup title references (HO)
)
\c@section@level=\count116
)
(./ReportMain.aux)
\openout1 = `ReportMain.aux'.

LaTeX Font Info:    Checking defaults for OML/cmm/m/it on input line 47.
LaTeX Font Info:    ... okay on input line 47.
LaTeX Font Info:    Checking defaults for T1/cmr/m/n on input line 47.
LaTeX Font Info:    ... okay on input line 47.
LaTeX Font Info:    Checking defaults for OT1/cmr/m/n on input line 47.
LaTeX Font Info:    ... okay on input line 47.
LaTeX Font Info:    Checking defaults for OMS/cmsy/m/n on input line 47.
LaTeX Font Info:    ... okay on input line 47.
LaTeX Font Info:    Checking defaults for OMX/cmex/m/n on input line 47.
LaTeX Font Info:    ... okay on input line 47.
LaTeX Font Info:    Checking defaults for U/cmr/m/n on input line 47.
LaTeX Font Info:    ... okay on input line 47.
LaTeX Font Info:    Checking defaults for PD1/pdf/m/n on input line 47.
LaTeX Font Info:    ... okay on input line 47.

(/usr/share/texlive/texmf-dist/tex/context/base/supp-pdf.mkii
[Loading MPS to PDF converter (version 2006.09.02).]
\scratchcounter=\count117
\scratchdimen=\dimen128
\scratchbox=\box30
\nofMPsegments=\count118
\nofMParguments=\count119
\everyMPshowfont=\toks25
\MPscratchCnt=\count120
\MPscratchDim=\dimen129
\MPnumerator=\count121
\makeMPintoPDFobject=\count122
\everyMPtoPDFconversion=\toks26
) (/usr/share/texlive/texmf-dist/tex/latex/oberdiek/epstopdf-base.sty
Package: epstopdf-base 2010/02/09 v2.5 Base part for package epstopdf

(/usr/share/texlive/texmf-dist/tex/latex/oberdiek/grfext.sty
Package: grfext 2010/08/19 v1.1 Manage graphics extensions (HO)
)
Package grfext Info: Graphics extension search list:
(grfext)             [.png,.pdf,.jpg,.mps,.jpeg,.jbig2,.jb2,.PNG,.PDF,.JPG,.JPE
G,.JBIG2,.JB2,.eps]
(grfext)             \AppendGraphicsExtensions on input line 452.

(/usr/share/texlive/texmf-dist/tex/latex/latexconfig/epstopdf-sys.cfg
File: epstopdf-sys.cfg 2010/07/13 v1.3 Configuration of (r)epstopdf for TeX Liv
e
))
\AtBeginShipoutBox=\box31
Package hyperref Info: Link coloring OFF on input line 47.
LaTeX Info: Redefining \ref on input line 47.
LaTeX Info: Redefining \pageref on input line 47.
LaTeX Info: Redefining \nameref on input line 47.

(./ReportMain.out) (./ReportMain.out)
\@outlinefile=\write3
\openout3 = `ReportMain.out'.

LaTeX Font Info:    Try loading font information for U+msa on input line 50.

(/usr/share/texlive/texmf-dist/tex/latex/amsfonts/umsa.fd
File: umsa.fd 2009/06/22 v3.00 AMS symbols A
)
LaTeX Font Info:    Try loading font information for U+msb on input line 50.

(/usr/share/texlive/texmf-dist/tex/latex/amsfonts/umsb.fd
File: umsb.fd 2009/06/22 v3.00 AMS symbols B
) [1

{/var/lib/texmf/fonts/map/pdftex/updmap/pdftex.map}] (./ReportMain.tocpdfTeX wa
rning (ext4): destination with the same identifier (name{page.1}) has been alre
ady used, duplicate ignored
<to be read again> 
                   \relax 
l.24 ...Work Breakdown Structure}{15}{section.4.8}
                                                   [1

] [2])
\tf@toc=\write4
\openout4 = `ReportMain.toc'.


(./IntroductionChapter.tex [3]
Chapter 1.
) (./RequirementsChapter.tex [4

] [5]
Chapter 2.
LaTeX Font Info:    Try loading font information for OMS+cmr on input line 9.
(/usr/share/texlive/texmf-dist/tex/latex/base/omscmr.fd
File: omscmr.fd 1999/05/25 v2.5h Standard LaTeX font definitions
)
LaTeX Font Info:    Font shape `OMS/cmr/m/n' in size <12> not available
(Font)              Font shape `OMS/cmsy/m/n' tried instead on input line 9.
 [6

]
Underfull \hbox (badness 10000) in paragraph at lines 38--39

 []

[7] [8]
Underfull \hbox (badness 10000) in paragraph at lines 110--110
\OT1/cmr/m/n/12 on ap-pro-pri-ate
 []


Underfull \hbox (badness 10000) in paragraph at lines 110--111
\OT1/cmr/m/n/12 on ap-pro-pri-ate
 []


Underfull \hbox (badness 10000) in paragraph at lines 112--112
[]|\OT1/cmr/m/n/12 New Con-tact
 []


Underfull \hbox (badness 10000) in paragraph at lines 112--112
\OT1/cmr/m/n/12 shows up on
 []


Underfull \hbox (badness 10000) in paragraph at lines 112--113
[]|\OT1/cmr/m/n/12 New Con-tact
 []


Underfull \hbox (badness 10000) in paragraph at lines 112--113
\OT1/cmr/m/n/12 shows up on
 []


Overfull \hbox (52.39996pt too wide) in paragraph at lines 91--116
[][] 
 []


LaTeX Warning: `h' float specifier changed to `ht'.

) (./TestingChapter.tex [9] [10]
Chapter 3.
(./Testdata.tex)) (./ProjectManagementChapter.tex [11

]
Chapter 4.
[12

] [13] [14] <Res/WBS15313.png, id=365, 3130.094pt x 1194.864pt>
File: Res/WBS15313.png Graphic file (type png)

<use Res/WBS15313.png>
Package pdftex.def Info: Res/WBS15313.png used on input line 61.
(pdftex.def)             Requested size: 565.49881pt x 215.86845pt.


LaTeX Warning: Float too large for page by 3.33212pt on input line 64.

) (./DevelopmentEnviromentChapter.tex [15] [16 <./Res/WBS15313.png>]
Chapter 5.
[17

]) (./ImplementationChapter.tex [18]
Chapter 6.
[19

] <Res/OverallArchitecture.png, id=393, 796.576pt x 626.34pt>
File: Res/OverallArchitecture.png Graphic file (type png)

<use Res/OverallArchitecture.png>
Package pdftex.def Info: Res/OverallArchitecture.png used on input line 16.
(pdftex.def)             Requested size: 565.49881pt x 444.64716pt.

<Res/GUIFlowchart.png, id=395, 1673.25125pt x 1766.6pt>
File: Res/GUIFlowchart.png Graphic file (type png)

<use Res/GUIFlowchart.png>
Package pdftex.def Info: Res/GUIFlowchart.png used on input line 32.
(pdftex.def)             Requested size: 467.99881pt x 494.10551pt.

Overfull \hbox (22.94696pt too wide) in paragraph at lines 45--46
[]\OT1/cmr/m/n/12 provide an in-ter-face for com-mu-ni-ca-tion with the databas
e
 []

[20] [21 <./Res/OverallArchitecture.png>] [22 <./Res/GUIFlowchart.png>]
[23] <Res/ClassDiagram.png, id=430, 1289.81876pt x 767.86874pt>
File: Res/ClassDiagram.png Graphic file (type png)

<use Res/ClassDiagram.png>
Package pdftex.def Info: Res/ClassDiagram.png used on input line 91.
(pdftex.def)             Requested size: 467.99881pt x 278.61185pt.
 [24] [25 <./Res/ClassDiagram.png (PNG copy)>]
[26]
Overfull \hbox (4.57385pt too wide) in paragraph at lines 122--123
\OT1/cmr/m/n/12 to in-di-cate that cal-i-bra-tion com-mences, and im-me-di-atel
y starts
 []


Overfull \hbox (14.79086pt too wide) in paragraph at lines 124--125
[]\OT1/cmr/m/n/12 handles sen-sor in-put dur-ing cal-i-bra-tion. When
 []

) (./ResearchChapter.tex [27]
Chapter 7.
(./FallingReport.tex

Package hyperref Warning: Difference (2) between bookmark levels is greater 
(hyperref)                than one, level fixed on input line 2.

[28

] [29] [30] [31]) [32] (./InterviewSummary.tex
Underfull \hbox (badness 10000) in paragraph at lines 2--7

 []

[33]) [34] [35]) (./StepDetection.tex [36]
Chapter 8.
[37

] [38]

LaTeX Warning: Citation `SimplePeakDetect' on page 39 undefined on input line 2
6.

[39]) (./AppendixPt1.tex [40] [41]
Appendix A.
<Res/mockupV2.png, id=563, 803.0pt x 1136.245pt>
File: Res/mockupV2.png Graphic file (type png)
 <use Res/mockupV2.png>
Package pdftex.def Info: Res/mockupV2.png used on input line 12.
(pdftex.def)             Requested size: 390.0pt x 296.48961pt.

Overfull \hbox (2.0pt too wide) in paragraph at lines 12--13
[][] 
 []

[42

]
Underfull \hbox (badness 6859) in paragraph at lines 28--29
[]|\OT1/cmr/m/n/12 Developing a mock-up ap-pli-ca-tion
 []


Underfull \hbox (badness 6445) in paragraph at lines 32--33
\OT1/cmr/m/n/12 the pro-to-type (set-tings, statis-tics,
 []


Underfull \hbox (badness 7203) in paragraph at lines 34--35
[]|\OT1/cmr/m/n/12 Creating content-provider, cre-at-ing
 []


Underfull \hbox (badness 10000) in paragraph at lines 34--35
\OT1/cmr/m/n/12 pre-sen-ta-tion, fin-ish-ing sec-ondary
 []

[43 <./Res/mockupV2.png>] [44]
<Res/Apache2license.pdf, id=583, page=1, 614.295pt x 794.97pt>
File: Res/Apache2license.pdf Graphic file (type pdf)

<use Res/Apache2license.pdf, page 1>
Package pdftex.def Info: Res/Apache2license.pdf, page1 used on input line 46.
(pdftex.def)             Requested size: 614.29349pt x 794.96806pt.
File: Res/Apache2license.pdf Graphic file (type pdf)
 <use Res/Apache2license.pdf, page 1>
Package pdftex.def Info: Res/Apache2license.pdf, page1 used on input line 46.
(pdftex.def)             Requested size: 597.78697pt x 773.60669pt.
File: Res/Apache2license.pdf Graphic file (type pdf)

<use Res/Apache2license.pdf, page 1>
Package pdftex.def Info: Res/Apache2license.pdf, page1 used on input line 46.
(pdftex.def)             Requested size: 597.78697pt x 773.60669pt.
File: Res/Apache2license.pdf Graphic file (type pdf)
 <use Res/Apache2license.pdf, page 1>
Package pdftex.def Info: Res/Apache2license.pdf, page1 used on input line 46.
(pdftex.def)             Requested size: 597.78697pt x 773.60669pt.
File: Res/Apache2license.pdf Graphic file (type pdf)

<use Res/Apache2license.pdf, page 1>
Package pdftex.def Info: Res/Apache2license.pdf, page1 used on input line 46.
(pdftex.def)             Requested size: 597.78697pt x 773.60669pt.
 [45 <./Res/Apache2license.pdf>]
<Res/Apache2license.pdf, id=599, page=2, 614.295pt x 794.97pt>
File: Res/Apache2license.pdf Graphic file (type pdf)

<use Res/Apache2license.pdf, page 2>
Package pdftex.def Info: Res/Apache2license.pdf, page2 used on input line 46.
(pdftex.def)             Requested size: 597.78697pt x 773.60669pt.
File: Res/Apache2license.pdf Graphic file (type pdf)
 <use Res/Apache2license.pdf, page 2>
Package pdftex.def Info: Res/Apache2license.pdf, page2 used on input line 46.
(pdftex.def)             Requested size: 597.78697pt x 773.60669pt.
File: Res/Apache2license.pdf Graphic file (type pdf)

<use Res/Apache2license.pdf, page 2>
Package pdftex.def Info: Res/Apache2license.pdf, page2 used on input line 46.
(pdftex.def)             Requested size: 597.78697pt x 773.60669pt.
 [46 <./Res/Apache2license.pdf>]
<Res/Apache2license.pdf, id=604, page=3, 614.295pt x 794.97pt>
File: Res/Apache2license.pdf Graphic file (type pdf)

<use Res/Apache2license.pdf, page 3>
Package pdftex.def Info: Res/Apache2license.pdf, page3 used on input line 46.
(pdftex.def)             Requested size: 597.78697pt x 773.60669pt.
File: Res/Apache2license.pdf Graphic file (type pdf)
 <use Res/Apache2license.pdf, page 3>
Package pdftex.def Info: Res/Apache2license.pdf, page3 used on input line 46.
(pdftex.def)             Requested size: 597.78697pt x 773.60669pt.
File: Res/Apache2license.pdf Graphic file (type pdf)

<use Res/Apache2license.pdf, page 3>
Package pdftex.def Info: Res/Apache2license.pdf, page3 used on input line 46.
(pdftex.def)             Requested size: 597.78697pt x 773.60669pt.
 [47 <./Res/Apache2license.pdf>]
<Res/Apache2license.pdf, id=609, page=4, 614.295pt x 794.97pt>
File: Res/Apache2license.pdf Graphic file (type pdf)

<use Res/Apache2license.pdf, page 4>
Package pdftex.def Info: Res/Apache2license.pdf, page4 used on input line 46.
(pdftex.def)             Requested size: 597.78697pt x 773.60669pt.
File: Res/Apache2license.pdf Graphic file (type pdf)
 <use Res/Apache2license.pdf, page 4>
Package pdftex.def Info: Res/Apache2license.pdf, page4 used on input line 46.
(pdftex.def)             Requested size: 597.78697pt x 773.60669pt.
File: Res/Apache2license.pdf Graphic file (type pdf)

<use Res/Apache2license.pdf, page 4>
Package pdftex.def Info: Res/Apache2license.pdf, page4 used on input line 46.
(pdftex.def)             Requested size: 597.78697pt x 773.60669pt.
 [48 <./Res/Apache2license.pdf>]
<Res/Apache2license.pdf, id=615, page=5, 614.295pt x 794.97pt>
File: Res/Apache2license.pdf Graphic file (type pdf)

<use Res/Apache2license.pdf, page 5>
Package pdftex.def Info: Res/Apache2license.pdf, page5 used on input line 46.
(pdftex.def)             Requested size: 597.78697pt x 773.60669pt.
File: Res/Apache2license.pdf Graphic file (type pdf)
 <use Res/Apache2license.pdf, page 5>
Package pdftex.def Info: Res/Apache2license.pdf, page5 used on input line 46.
(pdftex.def)             Requested size: 597.78697pt x 773.60669pt.
File: Res/Apache2license.pdf Graphic file (type pdf)

<use Res/Apache2license.pdf, page 5>
Package pdftex.def Info: Res/Apache2license.pdf, page5 used on input line 46.
(pdftex.def)             Requested size: 597.78697pt x 773.60669pt.
 [49 <./Res/Apache2license.pdf>] [50]
<Res/StatusReportWeek9.pdf, id=626, page=1, 614.295pt x 794.97pt>
File: Res/StatusReportWeek9.pdf Graphic file (type pdf)

<use Res/StatusReportWeek9.pdf, page 1>
Package pdftex.def Info: Res/StatusReportWeek9.pdf, page1 used on input line 51
.
(pdftex.def)             Requested size: 614.29349pt x 794.96806pt.
File: Res/StatusReportWeek9.pdf Graphic file (type pdf)

<use Res/StatusReportWeek9.pdf, page 1>
Package pdftex.def Info: Res/StatusReportWeek9.pdf, page1 used on input line 51
.
(pdftex.def)             Requested size: 597.78697pt x 773.60669pt.
File: Res/StatusReportWeek9.pdf Graphic file (type pdf)

<use Res/StatusReportWeek9.pdf, page 1>
Package pdftex.def Info: Res/StatusReportWeek9.pdf, page1 used on input line 51
.
(pdftex.def)             Requested size: 597.78697pt x 773.60669pt.
File: Res/StatusReportWeek9.pdf Graphic file (type pdf)

<use Res/StatusReportWeek9.pdf, page 1>
Package pdftex.def Info: Res/StatusReportWeek9.pdf, page1 used on input line 51
.
(pdftex.def)             Requested size: 597.78697pt x 773.60669pt.
File: Res/StatusReportWeek9.pdf Graphic file (type pdf)

<use Res/StatusReportWeek9.pdf, page 1>
Package pdftex.def Info: Res/StatusReportWeek9.pdf, page1 used on input line 51
.
(pdftex.def)             Requested size: 597.78697pt x 773.60669pt.
 [51 <./Res/StatusReportWeek9.pdf>]
<Res/StatusReportWeek9.pdf, id=642, page=2, 614.295pt x 794.97pt>
File: Res/StatusReportWeek9.pdf Graphic file (type pdf)

<use Res/StatusReportWeek9.pdf, page 2>
Package pdftex.def Info: Res/StatusReportWeek9.pdf, page2 used on input line 51
.
(pdftex.def)             Requested size: 597.78697pt x 773.60669pt.
File: Res/StatusReportWeek9.pdf Graphic file (type pdf)

<use Res/StatusReportWeek9.pdf, page 2>
Package pdftex.def Info: Res/StatusReportWeek9.pdf, page2 used on input line 51
.
(pdftex.def)             Requested size: 597.78697pt x 773.60669pt.
File: Res/StatusReportWeek9.pdf Graphic file (type pdf)

<use Res/StatusReportWeek9.pdf, page 2>
Package pdftex.def Info: Res/StatusReportWeek9.pdf, page2 used on input line 51
.
(pdftex.def)             Requested size: 597.78697pt x 773.60669pt.
 [52 <./Res/StatusReportWeek9.pdf>]
<Res/StatusReportWeek11.pdf, id=649, page=1, 614.295pt x 794.97pt>
File: Res/StatusReportWeek11.pdf Graphic file (type pdf)

<use Res/StatusReportWeek11.pdf, page 1>
Package pdftex.def Info: Res/StatusReportWeek11.pdf, page1 used on input line 5
3.
(pdftex.def)             Requested size: 614.29349pt x 794.96806pt.
File: Res/StatusReportWeek11.pdf Graphic file (type pdf)

<use Res/StatusReportWeek11.pdf, page 1>
Package pdftex.def Info: Res/StatusReportWeek11.pdf, page1 used on input line 5
3.
(pdftex.def)             Requested size: 597.78697pt x 773.60669pt.
File: Res/StatusReportWeek11.pdf Graphic file (type pdf)

<use Res/StatusReportWeek11.pdf, page 1>
Package pdftex.def Info: Res/StatusReportWeek11.pdf, page1 used on input line 5
3.
(pdftex.def)             Requested size: 597.78697pt x 773.60669pt.
File: Res/StatusReportWeek11.pdf Graphic file (type pdf)

<use Res/StatusReportWeek11.pdf, page 1>
Package pdftex.def Info: Res/StatusReportWeek11.pdf, page1 used on input line 5
3.
(pdftex.def)             Requested size: 597.78697pt x 773.60669pt.
File: Res/StatusReportWeek11.pdf Graphic file (type pdf)

<use Res/StatusReportWeek11.pdf, page 1>
Package pdftex.def Info: Res/StatusReportWeek11.pdf, page1 used on input line 5
3.
(pdftex.def)             Requested size: 597.78697pt x 773.60669pt.
 [53 <./Res/StatusReportWeek11.pdf>]
<Res/StatusReportWeek11.pdf, id=665, page=2, 614.295pt x 794.97pt>
File: Res/StatusReportWeek11.pdf Graphic file (type pdf)

<use Res/StatusReportWeek11.pdf, page 2>
Package pdftex.def Info: Res/StatusReportWeek11.pdf, page2 used on input line 5
3.
(pdftex.def)             Requested size: 597.78697pt x 773.60669pt.
File: Res/StatusReportWeek11.pdf Graphic file (type pdf)

<use Res/StatusReportWeek11.pdf, page 2>
Package pdftex.def Info: Res/StatusReportWeek11.pdf, page2 used on input line 5
3.
(pdftex.def)             Requested size: 597.78697pt x 773.60669pt.
File: Res/StatusReportWeek11.pdf Graphic file (type pdf)

<use Res/StatusReportWeek11.pdf, page 2>
Package pdftex.def Info: Res/StatusReportWeek11.pdf, page2 used on input line 5
3.
(pdftex.def)             Requested size: 597.78697pt x 773.60669pt.
 [54 <./Res/StatusReportWeek11.pdf>])
(./Bibliography.tex)

! LaTeX Error: \begin{description} on input line 39 ended by \end{document}.

See the LaTeX manual or LaTeX Companion for explanation.
Type  H <return>  for immediate help.
 ...                                              
                                                  
l.66 \end{document}
                   
Your command was ignored.
Type  I <command> <return>  to replace it with another command,
or  <return>  to continue without it.

Package atveryend Info: Empty hook `BeforeClearDocument' on input line 66.
[55

]
Package atveryend Info: Empty hook `AfterLastShipout' on input line 66.
 (./ReportMain.aux)
Package atveryend Info: Executing hook `AtVeryEndDocument' on input line 66.
Package atveryend Info: Executing hook `AtEndAfterFileList' on input line 66.
Package rerunfilecheck Info: File `ReportMain.out' has not changed.
(rerunfilecheck)             Checksum: 18DF9E3077803B28879733084D5AC482;3506.


LaTeX Warning: There were undefined references.

Package atveryend Info: Empty hook `AtVeryVeryEnd' on input line 66.
 )
(\end occurred inside a group at level 1)

### semi simple group (level 1) entered at line 39 (\begingroup)
### bottom level 
Here is how much of TeX's memory you used:
 8060 strings out of 495059
 115416 string characters out of 3182030
 207771 words of memory out of 3000000
 10901 multiletter control sequences out of 15000+200000
 14853 words of font info for 58 fonts, out of 3000000 for 9000
 14 hyphenation exceptions out of 8191
 43i,18n,46p,1530b,568s stack positions out of 5000i,500n,10000p,200000b,50000s
</usr/share/texlive/texmf-dist/fonts/type1/public/amsfonts/cm/c
mbx12.pfb></usr/share/texlive/texmf-dist/fonts/type1/public/amsfonts/cm/cmmi10.
pfb></usr/share/texlive/texmf-dist/fonts/type1/public/amsfonts/cm/cmmi12.pfb></
usr/share/texlive/texmf-dist/fonts/type1/public/amsfonts/cm/cmmi6.pfb></usr/sha
re/texlive/texmf-dist/fonts/type1/public/amsfonts/cm/cmmi8.pfb></usr/share/texl
ive/texmf-dist/fonts/type1/public/amsfonts/cm/cmr10.pfb></usr/share/texlive/tex
mf-dist/fonts/type1/public/amsfonts/cm/cmr12.pfb></usr/share/texlive/texmf-dist
/fonts/type1/public/amsfonts/cm/cmr17.pfb></usr/share/texlive/texmf-dist/fonts/
type1/public/amsfonts/cm/cmr6.pfb></usr/share/texlive/texmf-dist/fonts/type1/pu
blic/amsfonts/cm/cmr7.pfb></usr/share/texlive/texmf-dist/fonts/type1/public/ams
fonts/cm/cmr8.pfb></usr/share/texlive/texmf-dist/fonts/type1/public/amsfonts/cm
/cmsy10.pfb></usr/share/texlive/texmf-dist/fonts/type1/public/amsfonts/cm/cmsy6
.pfb></usr/share/texlive/texmf-dist/fonts/type1/public/amsfonts/cm/cmsy8.pfb></
usr/share/texlive/texmf-dist/fonts/type1/public/amsfonts/cm/cmti10.pfb></usr/sh
are/texlive/texmf-dist/fonts/type1/public/amsfonts/cm/cmti12.pfb></usr/share/te
xlive/texmf-dist/fonts/type1/public/amsfonts/cm/cmtt10.pfb></usr/share/texlive/
texmf-dist/fonts/type1/public/amsfonts/cm/cmtt12.pfb>
Output written on ReportMain.pdf (56 pages, 849515 bytes).
PDF statistics:
 776 PDF objects out of 1000 (max. 8388607)
 657 compressed objects within 7 object streams
 177 named destinations out of 1000 (max. 500000)
 531 words of extra memory for PDF output out of 10000 (max. 10000000)

