\BOOKMARK [0][-]{chapter.1}{Introduction}{}% 1
\BOOKMARK [1][-]{section.1.1}{Group introduction}{chapter.1}% 2
\BOOKMARK [1][-]{section.1.2}{Customer introduction}{chapter.1}% 3
\BOOKMARK [0][-]{chapter.2}{Requirements}{}% 4
\BOOKMARK [1][-]{section.2.1}{Final requirements}{chapter.2}% 5
\BOOKMARK [2][-]{subsection.2.1.1}{Functional requirements}{section.2.1}% 6
\BOOKMARK [2][-]{subsection.2.1.2}{Nonfunctional requirements}{section.2.1}% 7
\BOOKMARK [1][-]{section.2.2}{Understanding the requirements}{chapter.2}% 8
\BOOKMARK [1][-]{section.2.3}{Initial requirements}{chapter.2}% 9
\BOOKMARK [1][-]{section.2.4}{License}{chapter.2}% 10
\BOOKMARK [0][-]{chapter.3}{Testing}{}% 11
\BOOKMARK [1][-]{section.3.1}{Levels, methods and types}{chapter.3}% 12
\BOOKMARK [2][-]{subsection.3.1.1}{Levels}{section.3.1}% 13
\BOOKMARK [2][-]{subsection.3.1.2}{Methods}{section.3.1}% 14
\BOOKMARK [2][-]{subsection.3.1.3}{Types}{section.3.1}% 15
\BOOKMARK [1][-]{section.3.2}{Plans and process}{chapter.3}% 16
\BOOKMARK [2][-]{subsection.3.2.1}{Unit testing}{section.3.2}% 17
\BOOKMARK [2][-]{subsection.3.2.2}{Integration testing}{section.3.2}% 18
\BOOKMARK [2][-]{subsection.3.2.3}{System testing \(preliminary\)}{section.3.2}% 19
\BOOKMARK [2][-]{subsection.3.2.4}{Acceptance testing}{section.3.2}% 20
\BOOKMARK [1][-]{section.3.3}{Tests used under development}{chapter.3}% 21
\BOOKMARK [2][-]{subsection.3.3.1}{GUI Tests}{section.3.3}% 22
\BOOKMARK [0][-]{chapter.4}{Project Management}{}% 23
\BOOKMARK [1][-]{section.4.1}{Terms}{chapter.4}% 24
\BOOKMARK [1][-]{section.4.2}{Management Tools}{chapter.4}% 25
\BOOKMARK [1][-]{section.4.3}{Work Breakdown Structure}{chapter.4}% 26
\BOOKMARK [1][-]{section.4.4}{Development process}{chapter.4}% 27
\BOOKMARK [2][-]{subsection.4.4.1}{How Tasks are assigned}{section.4.4}% 28
\BOOKMARK [1][-]{section.4.5}{Software development}{chapter.4}% 29
\BOOKMARK [2][-]{subsection.4.5.1}{Agile software development}{section.4.5}% 30
\BOOKMARK [2][-]{subsection.4.5.2}{Iterative approach}{section.4.5}% 31
\BOOKMARK [2][-]{subsection.4.5.3}{Extreme programming}{section.4.5}% 32
\BOOKMARK [1][-]{section.4.6}{Group development method}{chapter.4}% 33
\BOOKMARK [1][-]{section.4.7}{Meetings with Customer and Supervisor}{chapter.4}% 34
\BOOKMARK [1][-]{section.4.8}{Plans}{chapter.4}% 35
\BOOKMARK [1][-]{section.4.9}{Team Roles and Organization}{chapter.4}% 36
\BOOKMARK [2][-]{subsection.4.9.1}{The group}{section.4.9}% 37
\BOOKMARK [2][-]{subsection.4.9.2}{Supervisor}{section.4.9}% 38
\BOOKMARK [1][-]{section.4.10}{Comparison}{chapter.4}% 39
\BOOKMARK [0][-]{chapter.5}{Development Environment}{}% 40
\BOOKMARK [1][-]{section.5.1}{LaTeX}{chapter.5}% 41
\BOOKMARK [1][-]{section.5.2}{Github}{chapter.5}% 42
\BOOKMARK [1][-]{section.5.3}{Eclipse with Android Development Tools Plugin}{chapter.5}% 43
\BOOKMARK [0][-]{chapter.6}{Implementation}{}% 44
\BOOKMARK [1][-]{section.6.1}{Overall Architecture}{chapter.6}% 45
\BOOKMARK [1][-]{section.6.2}{Architecture of Valens Health Helper}{chapter.6}% 46
\BOOKMARK [1][-]{section.6.3}{Architecture of the Content Provider}{chapter.6}% 47
\BOOKMARK [1][-]{section.6.4}{Class description and diagram}{chapter.6}% 48
\BOOKMARK [1][-]{section.6.5}{Architecture of the Valens Step Detector}{chapter.6}% 49
\BOOKMARK [1][-]{section.6.6}{Step Detection Algorithm}{chapter.6}% 50
\BOOKMARK [2][-]{subsection.6.6.1}{Development Process}{section.6.6}% 51
\BOOKMARK [2][-]{subsection.6.6.2}{Core Algorithm}{section.6.6}% 52
\BOOKMARK [2][-]{subsection.6.6.3}{Application of the algorithm to live data}{section.6.6}% 53
\BOOKMARK [2][-]{subsection.6.6.4}{Constant values}{section.6.6}% 54
\BOOKMARK [0][-]{chapter.7}{Research and Alternate Solutions}{}% 55
\BOOKMARK [1][-]{section.7.1}{Falling: Causes, Consequences and how to avoid it}{chapter.7}% 56
\BOOKMARK [2][-]{subsection.7.1.1}{Risk factors}{section.7.1}% 57
\BOOKMARK [2][-]{subsection.7.1.2}{Advice for prevention}{section.7.1}% 58
\BOOKMARK [2][-]{subsection.7.1.3}{Physiological aspects}{section.7.1}% 59
\BOOKMARK [1][-]{section.7.2}{Related Applications}{chapter.7}% 60
\BOOKMARK [2][-]{subsection.7.2.1}{Endomondo Sports Tracker}{section.7.2}% 61
\BOOKMARK [2][-]{subsection.7.2.2}{GPS Status}{section.7.2}% 62
\BOOKMARK [2][-]{subsection.7.2.3}{Pedometer}{section.7.2}% 63
\BOOKMARK [2][-]{subsection.7.2.4}{GPS Tracker}{section.7.2}% 64
\BOOKMARK [1][-]{section.7.3}{Summary of interview with medical professionals}{chapter.7}% 65
\BOOKMARK [2][-]{subsection.7.3.1}{Informal usability test}{section.7.3}% 66
\BOOKMARK [1][-]{section.7.4}{Lessons learned}{chapter.7}% 67
\BOOKMARK [0][-]{appendix.A}{Appendix}{}% 68
\BOOKMARK [1][-]{section.A.1}{Previous WBS}{appendix.A}% 69
\BOOKMARK [1][-]{section.A.2}{Reports}{appendix.A}% 70
\BOOKMARK [1][-]{section.A.3}{Apache license and notice}{appendix.A}% 71
\BOOKMARK [1][-]{section.A.4}{Meeting summaries}{appendix.A}% 72
